<?xml version="1.0" encoding="UTF-8"?>
<!-- Generated by org.testng.reporters.JUnitReportReporter -->
<testsuite hostname="DESKTOP-59HQ26K" failures="0" tests="3" name="testCases.TC_WPWD_007" time="7.794" errors="0" timestamp="2024-12-15T21:53:11 IST" skipped="0">
  <testcase classname="testCases.TC_WPWD_007" name="VerifyWorngPwdMsg" time="2.039"/>
  <testcase classname="testCases.TC_WPWD_007" name="VerifyWorngPwdMsg" time="2.701"/>
  <testcase classname="testCases.TC_WPWD_007" name="VerifyWorngPwdMsg" time="3.054"/>
</testsuite> <!-- testCases.TC_WPWD_007 -->
