<?xml version="1.0" encoding="UTF-8"?>
<!-- Generated by org.testng.reporters.JUnitReportReporter -->
<testsuite hostname="DESKTOP-59HQ26K" failures="0" tests="1" name="testCases.TC_AR_001" time="2.775" errors="0" timestamp="2024-12-05T23:03:15 IST" skipped="0">
  <testcase classname="testCases.TC_AR_001" name="verity_account_registration" time="2.775"/>
</testsuite> <!-- testCases.TC_AR_001 -->
