<?xml version="1.0" encoding="UTF-8"?>
<!-- Generated by org.testng.reporters.JUnitReportReporter -->
<testsuite hostname="DESKTOP-59HQ26K" failures="0" tests="3" name="testCases.TC_RPF_006" time="44.742" errors="0" timestamp="2024-12-16T22:15:47 IST" skipped="0">
  <testcase classname="testCases.TC_RPF_006" name="VerifyRegisterPagesUsingMultipleWays" time="16.301"/>
  <testcase classname="testCases.TC_RPF_006" name="VerifyRegisterPagesUsingMultipleWays" time="14.939"/>
  <testcase classname="testCases.TC_RPF_006" name="VerifyRegisterPagesUsingMultipleWays" time="13.502"/>
</testsuite> <!-- testCases.TC_RPF_006 -->
