<?xml version="1.0" encoding="UTF-8"?>
<!-- Generated by org.testng.reporters.JUnitReportReporter -->
<testsuite hostname="DESKTOP-59HQ26K" failures="0" tests="3" name="testCases.TC_RF_004" time="11.075" errors="0" timestamp="2024-12-16T22:15:47 IST" skipped="0">
  <testcase classname="testCases.TC_RF_004" name="verifyRegisterAccountWithoutDetails" time="1.476"/>
  <testcase classname="testCases.TC_RF_004" name="verifyRegisterAccountWithoutDetails" time="5.006"/>
  <testcase classname="testCases.TC_RF_004" name="verifyRegisterAccountWithoutDetails" time="4.593"/>
</testsuite> <!-- testCases.TC_RF_004 -->
