<?xml version="1.0" encoding="UTF-8"?>
<!-- Generated by org.testng.reporters.JUnitReportReporter -->
<testsuite hostname="DESKTOP-59HQ26K" failures="0" tests="3" name="testCases.TC_AR_001" time="26.009" errors="0" timestamp="2024-12-16T22:15:47 IST" skipped="0">
  <testcase classname="testCases.TC_AR_001" name="verity_account_registration" time="13.041"/>
  <testcase classname="testCases.TC_AR_001" name="verity_account_registration" time="2.735"/>
  <testcase classname="testCases.TC_AR_001" name="verity_account_registration" time="10.233"/>
</testsuite> <!-- testCases.TC_AR_001 -->
