<?xml version="1.0" encoding="UTF-8"?>
<!-- Generated by org.testng.reporters.JUnitReportReporter -->
<testsuite hostname="DESKTOP-59HQ26K" failures="0" tests="3" name="testCases.TC_RPF_006" time="37.820" errors="0" timestamp="2024-12-15T21:53:11 IST" skipped="0">
  <testcase classname="testCases.TC_RPF_006" name="VerifyRegisterPagesUsingMultipleWays" time="12.744"/>
  <testcase classname="testCases.TC_RPF_006" name="VerifyRegisterPagesUsingMultipleWays" time="12.059"/>
  <testcase classname="testCases.TC_RPF_006" name="VerifyRegisterPagesUsingMultipleWays" time="13.017"/>
</testsuite> <!-- testCases.TC_RPF_006 -->
