<?xml version="1.0" encoding="UTF-8"?>
<!-- Generated by org.testng.reporters.JUnitReportReporter -->
<testsuite hostname="DESKTOP-59HQ26K" failures="0" tests="1" name="testCases.TC_SP_003" time="5.602" errors="0" timestamp="2024-12-14T21:34:30 IST" skipped="0">
  <testcase classname="testCases.TC_SP_003" name="SearchProduct" time="5.602"/>
</testsuite> <!-- testCases.TC_SP_003 -->
