<?xml version="1.0" encoding="UTF-8"?>
<!-- Generated by org.testng.reporters.JUnitReportReporter -->
<testsuite hostname="DESKTOP-59HQ26K" failures="0" tests="1" name="testCases.TC_RFPH_10" time="1.683" errors="0" timestamp="2024-12-21T23:18:56 IST" skipped="0">
  <testcase classname="testCases.TC_RFPH_10" name="VerifyPlaceHolderinRAPage" time="1.683"/>
</testsuite> <!-- testCases.TC_RFPH_10 -->
