<?xml version="1.0" encoding="UTF-8"?>
<!-- Generated by org.testng.reporters.JUnitReportReporter -->
<testsuite hostname="DESKTOP-59HQ26K" failures="0" tests="3" name="testCases.TC_SP_003" time="14.267" errors="0" timestamp="2024-12-15T21:53:11 IST" skipped="0">
  <testcase classname="testCases.TC_SP_003" name="SearchProduct" time="4.526"/>
  <testcase classname="testCases.TC_SP_003" name="SearchProduct" time="4.635"/>
  <testcase classname="testCases.TC_SP_003" name="SearchProduct" time="5.106"/>
</testsuite> <!-- testCases.TC_SP_003 -->
