<?xml version="1.0" encoding="UTF-8"?>
<!-- Generated by org.testng.reporters.JUnitReportReporter -->
<testsuite hostname="DESKTOP-59HQ26K" failures="0" tests="1" name="testCases.TC_RPF_006" time="14.027" errors="0" timestamp="2024-12-14T20:52:59 IST" skipped="0">
  <testcase classname="testCases.TC_RPF_006" name="VerifyRegisterPagesUsingMultipleWays" time="14.027"/>
</testsuite> <!-- testCases.TC_RPF_006 -->
