<?xml version="1.0" encoding="UTF-8"?>
<!-- Generated by org.testng.reporters.JUnitReportReporter -->
<testsuite hostname="DESKTOP-59HQ26K" failures="0" tests="1" name="testCases.TC_AR_001" time="2.977" errors="0" timestamp="2024-12-14T21:13:46 IST" skipped="0">
  <testcase classname="testCases.TC_AR_001" name="verity_account_registration" time="2.977"/>
</testsuite> <!-- testCases.TC_AR_001 -->
