<?xml version="1.0" encoding="UTF-8"?>
<!-- Generated by org.testng.reporters.JUnitReportReporter -->
<testsuite hostname="DESKTOP-59HQ26K" failures="0" tests="1" name="testCases.TC_ARMK_009" time="9.519" errors="0" timestamp="2024-12-19T23:32:49 IST" skipped="0">
  <testcase classname="testCases.TC_ARMK_009" name="RegisterAccountwithUsingkeyboardMouseAction" time="9.519"/>
</testsuite> <!-- testCases.TC_ARMK_009 -->
