<?xml version="1.0" encoding="UTF-8"?>
<!-- Generated by org.testng.reporters.JUnitReportReporter -->
<testsuite hostname="DESKTOP-59HQ26K" failures="0" tests="3" name="testCases.TC_LT_002" time="5.789" errors="0" timestamp="2024-12-15T21:53:11 IST" skipped="0">
  <testcase classname="testCases.TC_LT_002" name="verifylogin" time="1.641"/>
  <testcase classname="testCases.TC_LT_002" name="verifylogin" time="1.931"/>
  <testcase classname="testCases.TC_LT_002" name="verifylogin" time="2.217"/>
</testsuite> <!-- testCases.TC_LT_002 -->
