<?xml version="1.0" encoding="UTF-8"?>
<!-- Generated by org.testng.reporters.JUnitReportReporter -->
<testsuite hostname="DESKTOP-59HQ26K" failures="0" tests="3" name="testCases.TC_WPWD_007" time="10.879" errors="0" timestamp="2024-12-16T22:15:47 IST" skipped="0">
  <testcase classname="testCases.TC_WPWD_007" name="VerifyWorngPwdMsg" time="2.535"/>
  <testcase classname="testCases.TC_WPWD_007" name="VerifyWorngPwdMsg" time="5.525"/>
  <testcase classname="testCases.TC_WPWD_007" name="VerifyWorngPwdMsg" time="2.819"/>
</testsuite> <!-- testCases.TC_WPWD_007 -->
