<?xml version="1.0" encoding="UTF-8"?>
<!-- Generated by org.testng.reporters.JUnitReportReporter -->
<testsuite hostname="DESKTOP-59HQ26K" failures="0" tests="1" name="testCases.TC_RF_004" time="2.702" errors="0" timestamp="2024-12-10T18:32:30 IST" skipped="0">
  <testcase classname="testCases.TC_RF_004" name="verifyRegisterAccountWithoutDetails" time="2.702"/>
</testsuite> <!-- testCases.TC_RF_004 -->
