<?xml version="1.0" encoding="UTF-8"?>
<!-- Generated by org.testng.reporters.JUnitReportReporter -->
<testsuite hostname="DESKTOP-59HQ26K" failures="0" tests="1" name="testCases.TC_SP_003" time="14.035" errors="0" timestamp="2024-12-09T20:25:24 IST" skipped="0">
  <testcase classname="testCases.TC_SP_003" name="SearchProduct" time="14.035"/>
</testsuite> <!-- testCases.TC_SP_003 -->
