<?xml version="1.0" encoding="UTF-8"?>
<!-- Generated by org.testng.reporters.JUnitReportReporter -->
<testsuite hostname="DESKTOP-59HQ26K" failures="0" tests="3" name="testCases.TC_AR_001" time="8.310" errors="0" timestamp="2024-12-15T21:53:11 IST" skipped="0">
  <testcase classname="testCases.TC_AR_001" name="verity_account_registration" time="3.059"/>
  <testcase classname="testCases.TC_AR_001" name="verity_account_registration" time="2.286"/>
  <testcase classname="testCases.TC_AR_001" name="verity_account_registration" time="2.965"/>
</testsuite> <!-- testCases.TC_AR_001 -->
