<?xml version="1.0" encoding="UTF-8"?>
<!-- Generated by org.testng.reporters.JUnitReportReporter -->
<testsuite hostname="DESKTOP-59HQ26K" failures="0" tests="3" name="testCases.TC_LT_002" time="7.943" errors="0" timestamp="2024-12-16T22:15:47 IST" skipped="0">
  <testcase classname="testCases.TC_LT_002" name="verifylogin" time="3.770"/>
  <testcase classname="testCases.TC_LT_002" name="verifylogin" time="1.833"/>
  <testcase classname="testCases.TC_LT_002" name="verifylogin" time="2.340"/>
</testsuite> <!-- testCases.TC_LT_002 -->
