<?xml version="1.0" encoding="UTF-8"?>
<!-- Generated by org.testng.reporters.JUnitReportReporter -->
<testsuite hostname="DESKTOP-59HQ26K" failures="0" tests="3" name="testCases.TC_SP_003" time="32.132" errors="0" timestamp="2024-12-16T22:15:47 IST" skipped="0">
  <testcase classname="testCases.TC_SP_003" name="SearchProduct" time="6.036"/>
  <testcase classname="testCases.TC_SP_003" name="SearchProduct" time="16.145"/>
  <testcase classname="testCases.TC_SP_003" name="SearchProduct" time="9.951"/>
</testsuite> <!-- testCases.TC_SP_003 -->
