<?xml version="1.0" encoding="UTF-8"?>
<!-- Generated by org.testng.reporters.JUnitReportReporter -->
<testsuite hostname="DESKTOP-59HQ26K" failures="0" tests="1" name="testCases.TC_RMAIL__008" time="4.013" errors="0" timestamp="2024-12-19T22:36:47 IST" skipped="0">
  <testcase classname="testCases.TC_RMAIL__008" name="VerifyRegisterAccountWithRepeatEmail" time="4.013"/>
</testsuite> <!-- testCases.TC_RMAIL__008 -->
