<?xml version="1.0" encoding="UTF-8"?>
<!-- Generated by org.testng.reporters.JUnitReportReporter -->
<testsuite hostname="DESKTOP-59HQ26K" failures="0" tests="1" name="testCases.TC_LT_002" time="3.952" errors="0" timestamp="2024-12-10T18:32:30 IST" skipped="0">
  <testcase classname="testCases.TC_LT_002" name="verifylogin" time="3.952"/>
</testsuite> <!-- testCases.TC_LT_002 -->
